make.exe all --print-data-base --no-builtin-variables --no-builtin-rules --question
# GNU Make 3.81
# Copyright (C) 2006  Free Software Foundation, Inc.
# This is free software; see the source for copying conditions.
# There is NO warranty; not even for MERCHANTABILITY or FITNESS FOR A
# PARTICULAR PURPOSE.

# This program built for i386-pc-mingw32
 

# Make data base, printed on Tue May 31 16:38:04 2022

# Variables

# automatic
<D = $(patsubst %/,%,$(dir $<))
# automatic
?F = $(notdir $?)
# makefile
MAKEFLAGS = Rrqp
# environment
VSCODE_LOG_NATIVE = false
# automatic
?D = $(patsubst %/,%,$(dir $?))
# automatic
@D = $(patsubst %/,%,$(dir $@))
# environment
HOMEDRIVE = C:
# automatic
@F = $(notdir $@)
# automatic
^D = $(patsubst %/,%,$(dir $^))
# makefile
CURDIR := c:/Users/Nispe/Code/Analisis/AA_Proyecto2
# default
SHELL := sh.exe
# environment
WINDIR  
= C:\Windows
# environment
VSCODE_NLS_CONFIG = {"locale":"en-us","availableLanguages":{},"_languagePackSupport":true}
# environment
VBOX_MSI_INSTALL_PATH = C:\Program Files\Oracle\VirtualBox\
# environment
ONEDRIVE = C:\Users\Nispe\OneDrive
# environment
PATHEXT = .COM;.EXE;.BAT;.CMD;.VBS;.VBE;.JS;.JSE;.WSF;.WSH;.MSC
# makefile
MAKEFILE_LIST := 
# environment
FPS_BROWSER_USER_PROFILE_STRING = Default
# environment
TMP = C:\Users\Nispe\AppData\Local\Temp
# environment
VSCODE_VERBOSE_LOGGING = true
# environment
PROGRAMW6432 = C:\Program Files
# environment
PROGRAMDATA = C:\ProgramData
# environment
VSCODE_IPC_HOOK_EXTHOST = \\.\pipe\vscode-ipc-79f80369-f86f-4e41-adbf-4ec99e748296-sock
# environment
VSCODE_CWD = C:\Users\Nispe\AppData\Local\Programs\Microsoft VS Code
# environment
PATH = C:\Windows\system32;C:\Windows;C:\Windows\System32\Wbem;C:\Windows\System32\WindowsPowerShell\v1.0\;C:\Windows\System32\OpenSSH\;C:\Program Files\dotnet\;C:\Program Files (x86)\NVIDIA Corporation\PhysX\Common;C:\Users\Nispe\AppData\Local\Programs\Python\Python310\Scripts\;C:\Users\Nispe\AppData\Local\Programs\Python\Python310\;C:\msys64\mingw64\bin;C:\Program Files\CMake\bin;C:\Program Files (x86)\GnuWin32\bin;C:\SLD2\SDL2-2.0.22\x86_64-w64-mingw32\bin;C:\Users\Nispe\AppData\Local\Microsoft\WindowsApps;C:\Users\Nispe\AppData\Local\Programs\Microsoft VS Code\bin;C:\Users\Nispe\AppData\Local\GitHubDesktop\bin
# environment
COMMONPROGRAMW6432 = C:\Program Files\Common Files
# environment
PROCESSOR_ARCHITECTURE = x86
# environment
USERPROFILE = C:\Users\Nispe
# environment
ALLUSERSPROFILE = C:\ProgramData
# environment
VSCODE_LOG_STACK = false
# environment
NUMBER_OF_PROCESSORS = 16
# environment
ELECTRON_RUN_AS_NODE = 1
# default
.FEATURES := target-specific order-only second-expansion else-if archives
# automatic
%F = $(notdir $%)
# environment
CHROME_CRASHPAD_PIPE_NAME = \\.\pipe\crashpad_9944_DYRPDKSZVPHQSQEW
# environment
VSCODE_PIPE_LOGGING = true
# environment
COMPUTERNAME = HAIL
# environment
PROGRAMFILES = C:\Program Files (x86)
# environment
DRIVERDATA = C:\Windows\System32\Drivers\DriverData
# environment
ORIGINAL_XDG_CURRENT_DESKTOP = undefined
# environment
USERNAME = Nispe
# environment
PUBLIC = C:\Users\Public
# environment
VSCODE_AMD_ENTRYPOINT = vs/workbench/api/node/extensionHostProcess
# environment
VSCODE_CODE_CACHE_PATH = C:\Users\Nispe\AppData\Roaming\Code\CachedData\c3511e6c69bb39013c4a4b7b9566ec1ca73fc4d5
# environment
APPLICATION_INSIGHTS_NO_DIAGNOSTIC_CHANNEL = true
# environment
COMMONPROGRAMFILES = C:\Program Files (x86)\Common Files
# environment
LOGONSERVER = \\HAIL
# environment
ONEDRIVECONSUMER = C:\Users\Nispe\OneDrive
# environment
VSCODE_HANDLES_UNCAUGHT_ERRORS = true
# environment
USERDOMAIN = HAIL
# default
MAKE = $(MAKE_COMMAND)
# default
MAKECMDGOALS := all
# default
MAKE_VERSION := 3.81
# makefile
.DEFAULT_GOAL := 
# environment
PROGRAMFILES(X86) = C:\Program Files (x86)
# automatic
%D = $(patsubst %/,%,$(dir $%))
# environment
LOCALAPPDATA = C:\Users\Nispe\AppData\Local
# environment
PSMODULEPATH = C:\Program Files\WindowsPowerShell\Modules;C:\Windows\system32\WindowsPowerShell\v1.0\Modules
# default
MAKE_COMMAND := make.exe
# environment
PROCESSOR_ARCHITEW6432 = AMD64
# default
.VARIABLES := 
# automatic
*F = $(notdir $*)
# environment
PROCESSOR_IDENTIFIER = AMD64 Family 25 Model 33 Stepping 0, AuthenticAMD
# environment
OS = Windows_NT
# environment
VSCODE_IPC_HOOK = \\.\pipe\f02608e769b71ac5851191bccc2a17ba-1.67.2-main-sock
# environment
HOMEPATH = \Users\Nispe
# environment
COMMONPROGRAMFILES(X86) = C:\Program Files (x86)\Common Files
# environment
PROMPT = $P$G
# environment
MFLAGS = -Rrqp
# automatic
*D = $(patsubst %/,%,$(dir $*))
# environment
SYSTEMROOT = C:\Windows
# automatic
+D = $(patsubst %/,%,$(dir $+))
# automatic
+F = $(notdir $+)
# environment
APPDATA = C:\Users\Nispe\AppData\Roaming
# environment
TEMP = C:\Users\Nispe\AppData\Local\Temp
# environment
AMDRMPATH = C:\Program Files\AMD\RyzenMaster\
# environment
COMSPEC = C:\Windows\system32\cmd.exe
# default
MAKEFILES := 
# automatic
<F = $(notdir $<)
# environment
LC_ALL = C
# automatic
^F = $(notdir $^)
# default
SUFFIXES := 
# environment
SYSTEMDRIVE = C:
# environment
SESSIONNAME = Console
# environment
PROCESSOR_REVISION = 2100
# environment
MAKELEVEL := 0
# environment
LANG = C
# environment
PROCESSOR_LEVEL = 25
# environment
FPS_BROWSER_APP_PROFILE_STRING = Internet Explorer
# environment
VSCODE_PID = 9944
# environment
USERDOMAIN_ROAMINGPROFILE = HAIL
# variable set hash-table stats:
# Load=91/1024=9%, Rehash=0, Collisions=9/108=8%

# Pattern-specific Variable Values

# No pattern-specific variable values.

# Directories

# C:\Users\Nispe\AppData\Local\GitHubDesktop\bin (key C:/Users/Nispe/AppData/Local/GitHubDesktop/bin, mtime 1653157703): 4 files, no impossibilities.
# C:\Users\Nispe\AppData\Local\Microsoft\WindowsApps (key C:/Users/Nispe/AppData/Local/Microsoft/WindowsApps, mtime 1653838450): 17 files, no impossibilities.
# C:\Windows\System32\WindowsPowerShell\v1.0\ (key C:/Windows/System32/WindowsPowerShell/v1.0/, mtime 1633525030): 30 files, no impossibilities.
# C:\Windows\System32\Wbem (key C:/Windows/System32/Wbem, mtime 1652586567): 170 files, no impossibilities.
# . (key c:/Users/Nispe/Code/Analisis/AA_Proyecto2, mtime 1654028162): 7 files, no impossibilities.
# C:\Program Files (x86)\NVIDIA Corporation\PhysX\Common (key C:/Program Files (x86)/NVIDIA Corporation/PhysX/Common, mtime 1650324723): 10 files, no impossibilities.
# C:\Program Files\dotnet\ (key C:/Program Files/dotnet/, mtime 1648314288): 8 files, no impossibilit 
ies.
# C:\Windows\System32\OpenSSH\: could not be stat'd.
# C:\Windows (key C:/Windows, mtime 1653667223): 113 files, no impossibilities.
# C:\Users\Nispe\AppData\Local\Programs\Python\Python310\ (key C:/Users/Nispe/AppData/Local/Programs/Python/Python310/, mtime 1652299779): 19 files, no impossibilities.
# C:\Users\Nispe\AppData\Local\Programs\Python\Python310\Scripts\ (key C:/Users/Nispe/AppData/Local/Programs/Python/Python310/Scripts/, mtime 1654005743): 11 files, no impossibilities.
# C:\Users\Nispe\AppData\Local\Programs\Microsoft VS Code\bin (key C:/Users/Nispe/AppData/Local/Programs/Microsoft VS Code/bin, mtime 1653014855): 4 files, no impossibilities.
# C:\msys64\mingw64\bin (key C:/msys64/mingw64/bin, mtime 1648480824): 207 files, no impossibilities.
# C:\Windows\system32 (key C:/Windows/system32, mtime 1653789694): 2970 files, no impossibilities.
# C:\Program Files\CMake\bin (key C:/Program Files/CMake/bin, mtime 1653437331): 7 files, no impossibilities.
# C:\SLD2\SDL2-2.0.22\x86_64-w64-mingw32\bin  
(key C:/SLD2/SDL2-2.0.22/x86_64-w64-mingw32/bin, mtime 1650910413): 4 files, no impossibilities.
# C:\Program Files (x86)\GnuWin32\bin (key C:/Program Files (x86)/GnuWin32/bin, mtime 1653438330): 5 files, no impossibilities.

# 3586 files, no impossibilities in 17 directories.

# Implicit Rules

# No implicit rules.

# Files

# Not a target:
all:
#  Command-line target.
#  Implicit rule search has been done.
#  File does not exist.
#  File has not been updated.
# variable set hash-table stats:
# Load=0/32=0 
%, Rehash=0, Collisions=0/0=0%

# Not a target:
.DEFAULT:
#  Implicit rule search has not been done.
#  Modification time never checked.
#  File has not been updated.

# Not a target:
makefile:
#  A default, MAKEFILES, or -include/sinclude makefile.
#  Implicit rule search has been done.
#  File does not exist.
#  File has been updated.
#  Failed to be updated.
# variable set hash-table stats:
# Load=0/32=0%, Rehash=0, Collisions=0/0=0%

# Not a target:
.SUFFIXES:
#  Implicit rule search has not been done.
#  Modification time never checked.
#  File has not been updated.

# Not a target:
GNUmakefile:
#  A default, MAKEFILES, or -include/sinclude makefile.
#  Implicit rule search has been done.
#  File does not exist.
#  File has been updated.
#  Failed to be updated.
# variable set hash-table stats:
# Load=0/32=0%, Rehash=0, Collisions=0/0=0%

# files hash-table stats:
# Load=5/1024=0%, Rehash=0, Collisions=0/16=0%
# VPATH Search Paths

# No `vpath' search paths.

# No general (`VPATH' variable) search path.
 
make.exe: *** No rule to make target `all'.  Stop.


# # of strings in strcache: 0
# # of strcache buffers: 0
# strcache size: total = 0 / max = 0 / min = 4096 / avg = 0
# strcache free: total = 0 / max = 0 / min = 4096 / avg = 0

# Finished Make data base on Tue May 31 16:38:04 2022

 
